0 info it worked if it ends with ok
1 verbose cli [ '/usr/local/bin/node', '/usr/local/bin/npm', 'install' ]
2 info using npm@1.4.28
3 info using node@v0.10.35
4 verbose readDependencies using package.json deps
5 verbose install where, deps [ '/home/glen/Development/node/bunyan-nftrace',
5 verbose install   [ 'bunyan', 'debug', 'bindings', 'nan', 'turbo-test-runner' ] ]
6 info preinstall bunyan-lttng@1.0.0
7 warn package.json turbo-test-runner@0.4.1 No repository field.
8 verbose readDependencies using package.json deps
9 verbose already installed skipping bunyan@^1.2.3 /home/glen/Development/node/bunyan-nftrace
10 verbose already installed skipping debug@^2.1.1 /home/glen/Development/node/bunyan-nftrace
11 verbose already installed skipping bindings@^1.2.1 /home/glen/Development/node/bunyan-nftrace
12 verbose already installed skipping nan@^1.2.0 /home/glen/Development/node/bunyan-nftrace
13 verbose already installed skipping turbo-test-runner@^0.4.1 /home/glen/Development/node/bunyan-nftrace
14 silly resolved []
15 info build /home/glen/Development/node/bunyan-nftrace
16 verbose linkStuff [ false, false, false, '/home/glen/Development/node' ]
17 info linkStuff bunyan-lttng@1.0.0
18 verbose linkBins bunyan-lttng@1.0.0
19 verbose linkMans bunyan-lttng@1.0.0
20 verbose rebuildBundles bunyan-lttng@1.0.0
21 verbose rebuildBundles [ '.bin',
21 verbose rebuildBundles   'bindings',
21 verbose rebuildBundles   'bunyan',
21 verbose rebuildBundles   'debug',
21 verbose rebuildBundles   'nan',
21 verbose rebuildBundles   'turbo-test-runner' ]
22 info install bunyan-lttng@1.0.0
23 verbose unsafe-perm in lifecycle true
24 info bunyan-lttng@1.0.0 Failed to exec install script
25 error bunyan-lttng@1.0.0 install: `node-gyp rebuild`
25 error Exit status 1
26 error Failed at the bunyan-lttng@1.0.0 install script.
26 error This is most likely a problem with the bunyan-lttng package,
26 error not with npm itself.
26 error Tell the author that this fails on your system:
26 error     node-gyp rebuild
26 error You can get their info via:
26 error     npm owner ls bunyan-lttng
26 error There is likely additional logging output above.
27 error System Linux 3.13.0-44-generic
28 error command "/usr/local/bin/node" "/usr/local/bin/npm" "install"
29 error cwd /home/glen/Development/node/bunyan-nftrace
30 error node -v v0.10.35
31 error npm -v 1.4.28
32 error code ELIFECYCLE
33 verbose exit [ 1, true ]
